<?xml version="1.0" encoding="UTF-8"?>
<testsuite xmlns:xsi="http://www.w3.org/2001/XMLSchema-instance" xsi:noNamespaceSchemaLocation="https://maven.apache.org/surefire/maven-surefire-plugin/xsd/surefire-test-report-3.0.xsd" version="3.0" name="TodoListTest" time="0.211" tests="8" errors="0" skipped="0" failures="7">
  <properties>
[...]
</properties>
  <testcase name="editNotExistTodo" classname="TodoListTest" time="0.067"/>
  <testcase name="addThreeTodos" classname="TodoListTest" time="0.008">
    <failure type="org.opentest4j.AssertionFailedError"><![CDATA[org.opentest4j.AssertionFailedError: expected: <[send email, learn java, create app]> but was: <[write issue, create app, send email, learn java, create app]>
	at TodoListTest.addThreeTodos(TodoListTest.java:39)
]]></failure>
  </testcase>
  <testcase name="addTodoToNotExistIndex" classname="TodoListTest" time="0.004">
    <failure type="org.opentest4j.AssertionFailedError"><![CDATA[org.opentest4j.AssertionFailedError: expected: <[learn java, learn java, write issue, new todo]> but was: <[write issue, create app, send email, learn java, new todo, create app, learn java, learn java, write issue]>
	at TodoListTest.addTodoToNotExistIndex(TodoListTest.java:59)
]]></failure>
  </testcase>
  <testcase name="deleteExistTodo" classname="TodoListTest" time="0.026">
    <failure type="org.opentest4j.AssertionFailedError"><![CDATA[org.opentest4j.AssertionFailedError: expected: <[write issue, buy milk]> but was: <[write issue, send email, learn java, new todo, create app, learn java, learn java, write issue, write issue, send email, buy milk]>
	at TodoListTest.deleteExistTodo(TodoListTest.java:68)
]]></failure>
    <system-out><![CDATA[Дело "create app" удалено
Дело с таким номером не существует
]]></system-out>
  </testcase>
  <testcase name="editExistTodo" classname="TodoListTest" time="0.014">
    <failure type="org.opentest4j.AssertionFailedError"><![CDATA[org.opentest4j.AssertionFailedError: expected: <[buy milk, new todo]> but was: <[write issue, new todo, learn java, new todo, create app, learn java, learn java, write issue, write issue, send email, buy milk, buy milk, learn java]>
	at TodoListTest.editExistTodo(TodoListTest.java:87)
]]></failure>
    <system-out><![CDATA[Дело "send email" заменено на "new todo"
]]></system-out>
  </testcase>
  <testcase name="addSingleTodo" classname="TodoListTest" time="0.003">
    <failure type="org.opentest4j.AssertionFailedError"><![CDATA[org.opentest4j.AssertionFailedError: expected: <[first added todo]> but was: <[write issue, new todo, learn java, new todo, create app, learn java, learn java, write issue, write issue, send email, buy milk, buy milk, learn java, first added todo]>
	at TodoListTest.addSingleTodo(TodoListTest.java:31)
]]></failure>
  </testcase>
  <testcase name="deleteNotExistTodo" classname="TodoListTest" time="0.007">
    <failure type="org.opentest4j.AssertionFailedError"><![CDATA[org.opentest4j.AssertionFailedError: expected: <[buy milk, create app, buy milk, buy milk, buy milk]> but was: <[write issue, new todo, learn java, new todo, create app, learn java, write issue, write issue, send email, buy milk, buy milk, learn java, first added todo, buy milk, create app, buy milk, buy milk, buy milk]>
	at TodoListTest.deleteNotExistTodo(TodoListTest.java:77)
]]></failure>
    <system-out><![CDATA[Дело "learn java" удалено
Дело с таким номером не существует
]]></system-out>
  </testcase>
  <testcase name="addTodoToExistIndex" classname="TodoListTest" time="0.004">
    <failure type="org.opentest4j.AssertionFailedError"><![CDATA[org.opentest4j.AssertionFailedError: expected: <[write issue, new todo, write issue, create app]> but was: <[write issue, new todo, new todo, learn java, new todo, create app, learn java, write issue, write issue, send email, buy milk, buy milk, learn java, first added todo, buy milk, create app, buy milk, buy milk, buy milk, write issue, write issue, create app]>
	at TodoListTest.addTodoToExistIndex(TodoListTest.java:49)
]]></failure>
  </testcase>
</testsuite>